<?xml version="1.0" encoding="UTF-8"?>
<!-- Generated by org.testng.reporters.JUnitXMLReporter -->
<testsuite ignored="0" hostname="NAVEEN" failures="0" tests="5" name="Default test" time="20.183" errors="0" timestamp="2023-05-31T18:55:13 IST">
  <testcase classname="com.testrunner.Testrunner" name="browsernamelaunch" time="5.107"/>
  <testcase classname="com.testrunner.Testrunner" name="urllaunch" time="6.92"/>
  <testcase classname="com.testrunner.Testrunner" name="adulttab" time="2.622"/>
  <testcase classname="com.testrunner.Testrunner" name="plusbutton" time="0.917"/>
  <testcase classname="com.testrunner.Testrunner" name="donebutton" time="4.457"/>
</testsuite> <!-- Default test -->
